[     226ms] [ERROR] Failed to load resource: the server responded with a status of 404 () @ https://adslande.sagitec.com/RebeaconStaff/Images/speaker.jfif:0
[     355ms] [WARNING] <meta name="apple-mobile-web-app-capable" content="yes"> is deprecated. Please include <meta name="mobile-web-app-capable" content="yes"> @ https://adslande.sagitec.com/RebeaconStaff/Account/Login:0
[     372ms] [ERROR] Failed to load resource: the server responded with a status of 404 () @ https://adslande.sagitec.com/favicon.ico:0
[  125058ms] ReferenceError: $ is not defined
    at https://adslande.sagitec.com/RebeaconStaff:759:9
[  125876ms] Unexpected token '<'
[  126534ms] [WARNING] <meta name="apple-mobile-web-app-capable" content="yes"> is deprecated. Please include <meta name="mobile-web-app-capable" content="yes"> @ https://adslande.sagitec.com/RebeaconStaff#/spa/wfmInternalMaintenance/0:0
[  127646ms] [ERROR] Failed to load resource: the server responded with a status of 404 () @ https://adslande.sagitec.com/RebeaconStaff/Images/lack-of-work-notification.jpg:0
[  127660ms] [LOG] Centerleft container is not defined for the form wfmBPMWorkflowCenterLeftMaintenance @ https://adslande.sagitec.com/RebeaconStaff/bundles/FMScript?v=SlTBb1PqtUWY77RVrLFFypHD9PtV5KVwxCubi0_pOic1:3
[  301743ms] [VERBOSE] [DOM] Password field is not contained in a form: (More info: https://goo.gl/9p2vKq) %o @ https://adslande.sagitec.com/RebeaconStaff#/spa/wfmEmployerRegistrationWizard/0:0
[  301743ms] [VERBOSE] [DOM] Password field is not contained in a form: (More info: https://goo.gl/9p2vKq) %o @ https://adslande.sagitec.com/RebeaconStaff#/spa/wfmEmployerRegistrationWizard/0:0
[  301743ms] [VERBOSE] [DOM] Password field is not contained in a form: (More info: https://goo.gl/9p2vKq) %o @ https://adslande.sagitec.com/RebeaconStaff#/spa/wfmEmployerRegistrationWizard/0:0
[  301743ms] [VERBOSE] [DOM] Password field is not contained in a form: (More info: https://goo.gl/9p2vKq) %o @ https://adslande.sagitec.com/RebeaconStaff#/spa/wfmEmployerRegistrationWizard/0:0
[  301744ms] [VERBOSE] [DOM] Password field is not contained in a form: (More info: https://goo.gl/9p2vKq) %o @ https://adslande.sagitec.com/RebeaconStaff#/spa/wfmEmployerRegistrationWizard/0:0
[  301744ms] [VERBOSE] [DOM] Password field is not contained in a form: (More info: https://goo.gl/9p2vKq) %o @ https://adslande.sagitec.com/RebeaconStaff#/spa/wfmEmployerRegistrationWizard/0:0
[  301744ms] [VERBOSE] [DOM] Password field is not contained in a form: (More info: https://goo.gl/9p2vKq) %o @ https://adslande.sagitec.com/RebeaconStaff#/spa/wfmEmployerRegistrationWizard/0:0
[  301744ms] [VERBOSE] [DOM] Password field is not contained in a form: (More info: https://goo.gl/9p2vKq) %o @ https://adslande.sagitec.com/RebeaconStaff#/spa/wfmEmployerRegistrationWizard/0:0
[  602278ms] [LOG] seconds remaining to logout : 300 @ https://adslande.sagitec.com/RebeaconStaff/bundles/AppSideJS?v=rGhivL0qeff4hJXLae0eHZxPHaOUrebTHruUURh-sA41:0
[  603285ms] [LOG] seconds remaining to logout : 299 @ https://adslande.sagitec.com/RebeaconStaff/bundles/AppSideJS?v=rGhivL0qeff4hJXLae0eHZxPHaOUrebTHruUURh-sA41:0
[  604295ms] [LOG] seconds remaining to logout : 298 @ https://adslande.sagitec.com/RebeaconStaff/bundles/AppSideJS?v=rGhivL0qeff4hJXLae0eHZxPHaOUrebTHruUURh-sA41:0
[  605310ms] [LOG] seconds remaining to logout : 297 @ https://adslande.sagitec.com/RebeaconStaff/bundles/AppSideJS?v=rGhivL0qeff4hJXLae0eHZxPHaOUrebTHruUURh-sA41:0
[  606332ms] [LOG] seconds remaining to logout : 296 @ https://adslande.sagitec.com/RebeaconStaff/bundles/AppSideJS?v=rGhivL0qeff4hJXLae0eHZxPHaOUrebTHruUURh-sA41:0
[  607343ms] [LOG] seconds remaining to logout : 295 @ https://adslande.sagitec.com/RebeaconStaff/bundles/AppSideJS?v=rGhivL0qeff4hJXLae0eHZxPHaOUrebTHruUURh-sA41:0
[  608357ms] [LOG] seconds remaining to logout : 294 @ https://adslande.sagitec.com/RebeaconStaff/bundles/AppSideJS?v=rGhivL0qeff4hJXLae0eHZxPHaOUrebTHruUURh-sA41:0
[  609364ms] [LOG] seconds remaining to logout : 293 @ https://adslande.sagitec.com/RebeaconStaff/bundles/AppSideJS?v=rGhivL0qeff4hJXLae0eHZxPHaOUrebTHruUURh-sA41:0
[  610378ms] [LOG] seconds remaining to logout : 292 @ https://adslande.sagitec.com/RebeaconStaff/bundles/AppSideJS?v=rGhivL0qeff4hJXLae0eHZxPHaOUrebTHruUURh-sA41:0
[  611382ms] [LOG] seconds remaining to logout : 291 @ https://adslande.sagitec.com/RebeaconStaff/bundles/AppSideJS?v=rGhivL0qeff4hJXLae0eHZxPHaOUrebTHruUURh-sA41:0
[  612388ms] [LOG] seconds remaining to logout : 290 @ https://adslande.sagitec.com/RebeaconStaff/bundles/AppSideJS?v=rGhivL0qeff4hJXLae0eHZxPHaOUrebTHruUURh-sA41:0
[  613394ms] [LOG] seconds remaining to logout : 289 @ https://adslande.sagitec.com/RebeaconStaff/bundles/AppSideJS?v=rGhivL0qeff4hJXLae0eHZxPHaOUrebTHruUURh-sA41:0
[  614409ms] [LOG] seconds remaining to logout : 288 @ https://adslande.sagitec.com/RebeaconStaff/bundles/AppSideJS?v=rGhivL0qeff4hJXLae0eHZxPHaOUrebTHruUURh-sA41:0
[  615422ms] [LOG] seconds remaining to logout : 287 @ https://adslande.sagitec.com/RebeaconStaff/bundles/AppSideJS?v=rGhivL0qeff4hJXLae0eHZxPHaOUrebTHruUURh-sA41:0
[  616428ms] [LOG] seconds remaining to logout : 286 @ https://adslande.sagitec.com/RebeaconStaff/bundles/AppSideJS?v=rGhivL0qeff4hJXLae0eHZxPHaOUrebTHruUURh-sA41:0
[  617442ms] [LOG] seconds remaining to logout : 285 @ https://adslande.sagitec.com/RebeaconStaff/bundles/AppSideJS?v=rGhivL0qeff4hJXLae0eHZxPHaOUrebTHruUURh-sA41:0
[  618445ms] [LOG] seconds remaining to logout : 284 @ https://adslande.sagitec.com/RebeaconStaff/bundles/AppSideJS?v=rGhivL0qeff4hJXLae0eHZxPHaOUrebTHruUURh-sA41:0
[  619460ms] [LOG] seconds remaining to logout : 283 @ https://adslande.sagitec.com/RebeaconStaff/bundles/AppSideJS?v=rGhivL0qeff4hJXLae0eHZxPHaOUrebTHruUURh-sA41:0
[  620462ms] [LOG] seconds remaining to logout : 282 @ https://adslande.sagitec.com/RebeaconStaff/bundles/AppSideJS?v=rGhivL0qeff4hJXLae0eHZxPHaOUrebTHruUURh-sA41:0
[  621478ms] [LOG] seconds remaining to logout : 281 @ https://adslande.sagitec.com/RebeaconStaff/bundles/AppSideJS?v=rGhivL0qeff4hJXLae0eHZxPHaOUrebTHruUURh-sA41:0
[  622496ms] [LOG] seconds remaining to logout : 280 @ https://adslande.sagitec.com/RebeaconStaff/bundles/AppSideJS?v=rGhivL0qeff4hJXLae0eHZxPHaOUrebTHruUURh-sA41:0
[  623512ms] [LOG] seconds remaining to logout : 279 @ https://adslande.sagitec.com/RebeaconStaff/bundles/AppSideJS?v=rGhivL0qeff4hJXLae0eHZxPHaOUrebTHruUURh-sA41:0
[  624535ms] [LOG] seconds remaining to logout : 278 @ https://adslande.sagitec.com/RebeaconStaff/bundles/AppSideJS?v=rGhivL0qeff4hJXLae0eHZxPHaOUrebTHruUURh-sA41:0
[  625546ms] [LOG] seconds remaining to logout : 277 @ https://adslande.sagitec.com/RebeaconStaff/bundles/AppSideJS?v=rGhivL0qeff4hJXLae0eHZxPHaOUrebTHruUURh-sA41:0
[  626557ms] [LOG] seconds remaining to logout : 276 @ https://adslande.sagitec.com/RebeaconStaff/bundles/AppSideJS?v=rGhivL0qeff4hJXLae0eHZxPHaOUrebTHruUURh-sA41:0
[  627573ms] [LOG] seconds remaining to logout : 275 @ https://adslande.sagitec.com/RebeaconStaff/bundles/AppSideJS?v=rGhivL0qeff4hJXLae0eHZxPHaOUrebTHruUURh-sA41:0
[  628575ms] [LOG] seconds remaining to logout : 274 @ https://adslande.sagitec.com/RebeaconStaff/bundles/AppSideJS?v=rGhivL0qeff4hJXLae0eHZxPHaOUrebTHruUURh-sA41:0
[  629578ms] [LOG] seconds remaining to logout : 273 @ https://adslande.sagitec.com/RebeaconStaff/bundles/AppSideJS?v=rGhivL0qeff4hJXLae0eHZxPHaOUrebTHruUURh-sA41:0
[  630591ms] [LOG] seconds remaining to logout : 272 @ https://adslande.sagitec.com/RebeaconStaff/bundles/AppSideJS?v=rGhivL0qeff4hJXLae0eHZxPHaOUrebTHruUURh-sA41:0
[  631613ms] [LOG] seconds remaining to logout : 271 @ https://adslande.sagitec.com/RebeaconStaff/bundles/AppSideJS?v=rGhivL0qeff4hJXLae0eHZxPHaOUrebTHruUURh-sA41:0
[  632628ms] [LOG] seconds remaining to logout : 270 @ https://adslande.sagitec.com/RebeaconStaff/bundles/AppSideJS?v=rGhivL0qeff4hJXLae0eHZxPHaOUrebTHruUURh-sA41:0
[  633633ms] [LOG] seconds remaining to logout : 269 @ https://adslande.sagitec.com/RebeaconStaff/bundles/AppSideJS?v=rGhivL0qeff4hJXLae0eHZxPHaOUrebTHruUURh-sA41:0
[  634646ms] [LOG] seconds remaining to logout : 268 @ https://adslande.sagitec.com/RebeaconStaff/bundles/AppSideJS?v=rGhivL0qeff4hJXLae0eHZxPHaOUrebTHruUURh-sA41:0
[  635661ms] [LOG] seconds remaining to logout : 267 @ https://adslande.sagitec.com/RebeaconStaff/bundles/AppSideJS?v=rGhivL0qeff4hJXLae0eHZxPHaOUrebTHruUURh-sA41:0
[  636679ms] [LOG] seconds remaining to logout : 266 @ https://adslande.sagitec.com/RebeaconStaff/bundles/AppSideJS?v=rGhivL0qeff4hJXLae0eHZxPHaOUrebTHruUURh-sA41:0
[  637688ms] [LOG] seconds remaining to logout : 265 @ https://adslande.sagitec.com/RebeaconStaff/bundles/AppSideJS?v=rGhivL0qeff4hJXLae0eHZxPHaOUrebTHruUURh-sA41:0
[  638715ms] [LOG] seconds remaining to logout : 264 @ https://adslande.sagitec.com/RebeaconStaff/bundles/AppSideJS?v=rGhivL0qeff4hJXLae0eHZxPHaOUrebTHruUURh-sA41:0
[  639729ms] [LOG] seconds remaining to logout : 263 @ https://adslande.sagitec.com/RebeaconStaff/bundles/AppSideJS?v=rGhivL0qeff4hJXLae0eHZxPHaOUrebTHruUURh-sA41:0
[  640759ms] [LOG] seconds remaining to logout : 262 @ https://adslande.sagitec.com/RebeaconStaff/bundles/AppSideJS?v=rGhivL0qeff4hJXLae0eHZxPHaOUrebTHruUURh-sA41:0
[  641761ms] [LOG] seconds remaining to logout : 261 @ https://adslande.sagitec.com/RebeaconStaff/bundles/AppSideJS?v=rGhivL0qeff4hJXLae0eHZxPHaOUrebTHruUURh-sA41:0
[  642768ms] [LOG] seconds remaining to logout : 260 @ https://adslande.sagitec.com/RebeaconStaff/bundles/AppSideJS?v=rGhivL0qeff4hJXLae0eHZxPHaOUrebTHruUURh-sA41:0
[  643772ms] [LOG] seconds remaining to logout : 259 @ https://adslande.sagitec.com/RebeaconStaff/bundles/AppSideJS?v=rGhivL0qeff4hJXLae0eHZxPHaOUrebTHruUURh-sA41:0
[  644780ms] [LOG] seconds remaining to logout : 258 @ https://adslande.sagitec.com/RebeaconStaff/bundles/AppSideJS?v=rGhivL0qeff4hJXLae0eHZxPHaOUrebTHruUURh-sA41:0
[  645797ms] [LOG] seconds remaining to logout : 257 @ https://adslande.sagitec.com/RebeaconStaff/bundles/AppSideJS?v=rGhivL0qeff4hJXLae0eHZxPHaOUrebTHruUURh-sA41:0
[  646800ms] [LOG] seconds remaining to logout : 256 @ https://adslande.sagitec.com/RebeaconStaff/bundles/AppSideJS?v=rGhivL0qeff4hJXLae0eHZxPHaOUrebTHruUURh-sA41:0
[  647811ms] [LOG] seconds remaining to logout : 255 @ https://adslande.sagitec.com/RebeaconStaff/bundles/AppSideJS?v=rGhivL0qeff4hJXLae0eHZxPHaOUrebTHruUURh-sA41:0
[  648825ms] [LOG] seconds remaining to logout : 254 @ https://adslande.sagitec.com/RebeaconStaff/bundles/AppSideJS?v=rGhivL0qeff4hJXLae0eHZxPHaOUrebTHruUURh-sA41:0
[  649842ms] [LOG] seconds remaining to logout : 253 @ https://adslande.sagitec.com/RebeaconStaff/bundles/AppSideJS?v=rGhivL0qeff4hJXLae0eHZxPHaOUrebTHruUURh-sA41:0
[  650859ms] [LOG] seconds remaining to logout : 252 @ https://adslande.sagitec.com/RebeaconStaff/bundles/AppSideJS?v=rGhivL0qeff4hJXLae0eHZxPHaOUrebTHruUURh-sA41:0
[  651862ms] [LOG] seconds remaining to logout : 251 @ https://adslande.sagitec.com/RebeaconStaff/bundles/AppSideJS?v=rGhivL0qeff4hJXLae0eHZxPHaOUrebTHruUURh-sA41:0
[  652872ms] [LOG] seconds remaining to logout : 250 @ https://adslande.sagitec.com/RebeaconStaff/bundles/AppSideJS?v=rGhivL0qeff4hJXLae0eHZxPHaOUrebTHruUURh-sA41:0
[  653878ms] [LOG] seconds remaining to logout : 249 @ https://adslande.sagitec.com/RebeaconStaff/bundles/AppSideJS?v=rGhivL0qeff4hJXLae0eHZxPHaOUrebTHruUURh-sA41:0
[  654881ms] [LOG] seconds remaining to logout : 248 @ https://adslande.sagitec.com/RebeaconStaff/bundles/AppSideJS?v=rGhivL0qeff4hJXLae0eHZxPHaOUrebTHruUURh-sA41:0
[  655896ms] [LOG] seconds remaining to logout : 247 @ https://adslande.sagitec.com/RebeaconStaff/bundles/AppSideJS?v=rGhivL0qeff4hJXLae0eHZxPHaOUrebTHruUURh-sA41:0
[  656914ms] [LOG] seconds remaining to logout : 246 @ https://adslande.sagitec.com/RebeaconStaff/bundles/AppSideJS?v=rGhivL0qeff4hJXLae0eHZxPHaOUrebTHruUURh-sA41:0
[  657929ms] [LOG] seconds remaining to logout : 245 @ https://adslande.sagitec.com/RebeaconStaff/bundles/AppSideJS?v=rGhivL0qeff4hJXLae0eHZxPHaOUrebTHruUURh-sA41:0
[  658942ms] [LOG] seconds remaining to logout : 244 @ https://adslande.sagitec.com/RebeaconStaff/bundles/AppSideJS?v=rGhivL0qeff4hJXLae0eHZxPHaOUrebTHruUURh-sA41:0
[  659947ms] [LOG] seconds remaining to logout : 243 @ https://adslande.sagitec.com/RebeaconStaff/bundles/AppSideJS?v=rGhivL0qeff4hJXLae0eHZxPHaOUrebTHruUURh-sA41:0
[  660962ms] [LOG] seconds remaining to logout : 242 @ https://adslande.sagitec.com/RebeaconStaff/bundles/AppSideJS?v=rGhivL0qeff4hJXLae0eHZxPHaOUrebTHruUURh-sA41:0
[  661967ms] [LOG] seconds remaining to logout : 241 @ https://adslande.sagitec.com/RebeaconStaff/bundles/AppSideJS?v=rGhivL0qeff4hJXLae0eHZxPHaOUrebTHruUURh-sA41:0
[  662972ms] [LOG] seconds remaining to logout : 240 @ https://adslande.sagitec.com/RebeaconStaff/bundles/AppSideJS?v=rGhivL0qeff4hJXLae0eHZxPHaOUrebTHruUURh-sA41:0
[  663980ms] [LOG] seconds remaining to logout : 239 @ https://adslande.sagitec.com/RebeaconStaff/bundles/AppSideJS?v=rGhivL0qeff4hJXLae0eHZxPHaOUrebTHruUURh-sA41:0
[  664997ms] [LOG] seconds remaining to logout : 238 @ https://adslande.sagitec.com/RebeaconStaff/bundles/AppSideJS?v=rGhivL0qeff4hJXLae0eHZxPHaOUrebTHruUURh-sA41:0
[  666004ms] [LOG] seconds remaining to logout : 237 @ https://adslande.sagitec.com/RebeaconStaff/bundles/AppSideJS?v=rGhivL0qeff4hJXLae0eHZxPHaOUrebTHruUURh-sA41:0
[  667012ms] [LOG] seconds remaining to logout : 236 @ https://adslande.sagitec.com/RebeaconStaff/bundles/AppSideJS?v=rGhivL0qeff4hJXLae0eHZxPHaOUrebTHruUURh-sA41:0
[  668020ms] [LOG] seconds remaining to logout : 235 @ https://adslande.sagitec.com/RebeaconStaff/bundles/AppSideJS?v=rGhivL0qeff4hJXLae0eHZxPHaOUrebTHruUURh-sA41:0
[  669030ms] [LOG] seconds remaining to logout : 234 @ https://adslande.sagitec.com/RebeaconStaff/bundles/AppSideJS?v=rGhivL0qeff4hJXLae0eHZxPHaOUrebTHruUURh-sA41:0
[  670046ms] [LOG] seconds remaining to logout : 233 @ https://adslande.sagitec.com/RebeaconStaff/bundles/AppSideJS?v=rGhivL0qeff4hJXLae0eHZxPHaOUrebTHruUURh-sA41:0
[  671056ms] [LOG] seconds remaining to logout : 232 @ https://adslande.sagitec.com/RebeaconStaff/bundles/AppSideJS?v=rGhivL0qeff4hJXLae0eHZxPHaOUrebTHruUURh-sA41:0
[  672058ms] [LOG] seconds remaining to logout : 231 @ https://adslande.sagitec.com/RebeaconStaff/bundles/AppSideJS?v=rGhivL0qeff4hJXLae0eHZxPHaOUrebTHruUURh-sA41:0
[  673066ms] [LOG] seconds remaining to logout : 230 @ https://adslande.sagitec.com/RebeaconStaff/bundles/AppSideJS?v=rGhivL0qeff4hJXLae0eHZxPHaOUrebTHruUURh-sA41:0
[  674070ms] [LOG] Timer reset done @ https://adslande.sagitec.com/RebeaconStaff/bundles/AppSideJS?v=rGhivL0qeff4hJXLae0eHZxPHaOUrebTHruUURh-sA41:0
[  859256ms] [LOG] Error message: Uncaught SyntaxError: "undefined" is not valid JSON
URL: https://adslande.sagitec.com/RebeaconStaff#/spa/wfmEmployerRegistrationWizard/0
Line Number: 1 @ https://adslande.sagitec.com/RebeaconStaff/bundles/FMScript?v=SlTBb1PqtUWY77RVrLFFypHD9PtV5KVwxCubi0_pOic1:3
